# JRE version: OpenJDK Runtime Environment Temurin-17.0.12+7 (17.0.12+7) (build 17.0.12+7)
# Java VM: OpenJDK 64-Bit Server VM Temurin-17.0.12+7 (17.0.12+7, mixed mode, tiered, compressed oops, compressed class ptrs, parallel gc, windows-amd64)
GC Precious Log:
 CPUs: 16 total, 16 available
 Memory: 19818M
 Large Page Support: Disabled
 NUMA Support: Disabled
 Compressed Oops: Enabled (32-bit)
 Alignments: Space 512K, Generation 512K, Heap 2M
 Heap Min Capacity: 100M
 Heap Initial Capacity: 100M
 Heap Max Capacity: 1G
 Pre-touch: Disabled
 Parallel Workers: 13
Heap:
 PSYoungGen      total 62464K, used 62338K [0x00000000eab00000, 0x00000000eee00000, 0x0000000100000000)
  eden space 56832K, 100% used [0x00000000eab00000,0x00000000ee280000,0x00000000ee280000)
  from space 5632K, 97% used [0x00000000ee880000,0x00000000eede0a38,0x00000000eee00000)
  to   space 5632K, 99% used [0x00000000ee300000,0x00000000ee87ebd8,0x00000000ee880000)
 ParOldGen       total 699392K, used 105017K [0x00000000c0000000, 0x00000000eab00000, 0x00000000eab00000)
  object space 699392K, 15% used [0x00000000c0000000,0x00000000c668e6c0,0x00000000eab00000)
 Metaspace       used 71053K, committed 72320K, reserved 1114112K
  class space    used 7595K, committed 8128K, reserved 1048576K
GC Heap History (20 events):
Event: 20.811 GC heap after
{Heap after GC invocations=86 (full 5):
 PSYoungGen      total 48128K, used 5478K [0x00000000eab00000, 0x00000000ee200000, 0x0000000100000000)
  eden space 42496K, 0% used [0x00000000eab00000,0x00000000eab00000,0x00000000ed480000)
  from space 5632K, 97% used [0x00000000ed480000,0x00000000ed9d99e0,0x00000000eda00000)
  to   space 5632K, 0% used [0x00000000edc80000,0x00000000edc80000,0x00000000ee200000)
 ParOldGen       total 129024K, used 100864K [0x00000000c0000000, 0x00000000c7e00000, 0x00000000eab00000)
  object space 129024K, 78% used [0x00000000c0000000,0x00000000c6280388,0x00000000c7e00000)
 Metaspace       used 70619K, committed 71936K, reserved 1114112K
  class space    used 7541K, committed 8128K, reserved 1048576K
}
Event: 20.830 GC heap before
{Heap before GC invocations=87 (full 5):
 PSYoungGen      total 48128K, used 47974K [0x00000000eab00000, 0x00000000ee200000, 0x0000000100000000)
  eden space 42496K, 100% used [0x00000000eab00000,0x00000000ed480000,0x00000000ed480000)
  from space 5632K, 97% used [0x00000000ed480000,0x00000000ed9d99e0,0x00000000eda00000)
  to   space 5632K, 0% used [0x00000000edc80000,0x00000000edc80000,0x00000000ee200000)
 ParOldGen       total 129024K, used 100864K [0x00000000c0000000, 0x00000000c7e00000, 0x00000000eab00000)
  object space 129024K, 78% used [0x00000000c0000000,0x00000000c6280388,0x00000000c7e00000)
 Metaspace       used 70625K, committed 71936K, reserved 1114112K
  class space    used 7541K, committed 8128K, reserved 1048576K
}
Event: 20.832 GC heap after
{Heap after GC invocations=87 (full 5):
 PSYoungGen      total 49664K, used 5626K [0x00000000eab00000, 0x00000000ee480000, 0x0000000100000000)
  eden space 44032K, 0% used [0x00000000eab00000,0x00000000eab00000,0x00000000ed600000)
  from space 5632K, 99% used [0x00000000edc80000,0x00000000ee1fea38,0x00000000ee200000)
  to   space 6656K, 0% used [0x00000000ed600000,0x00000000ed600000,0x00000000edc80000)
 ParOldGen       total 129024K, used 101301K [0x00000000c0000000, 0x00000000c7e00000, 0x00000000eab00000)
  object space 129024K, 78% used [0x00000000c0000000,0x00000000c62ed7a0,0x00000000c7e00000)
 Metaspace       used 70625K, committed 71936K, reserved 1114112K
  class space    used 7541K, committed 8128K, reserved 1048576K
}
Event: 20.847 GC heap before
{Heap before GC invocations=88 (full 5):
 PSYoungGen      total 49664K, used 49658K [0x00000000eab00000, 0x00000000ee480000, 0x0000000100000000)
  eden space 44032K, 100% used [0x00000000eab00000,0x00000000ed600000,0x00000000ed600000)
  from space 5632K, 99% used [0x00000000edc80000,0x00000000ee1fea38,0x00000000ee200000)
  to   space 6656K, 0% used [0x00000000ed600000,0x00000000ed600000,0x00000000edc80000)
 ParOldGen       total 129024K, used 101301K [0x00000000c0000000, 0x00000000c7e00000, 0x00000000eab00000)
  object space 129024K, 78% used [0x00000000c0000000,0x00000000c62ed7a0,0x00000000c7e00000)
 Metaspace       used 70638K, committed 71936K, reserved 1114112K
  class space    used 7544K, committed 8128K, reserved 1048576K
}
Event: 20.850 GC heap after
{Heap after GC invocations=88 (full 5):
 PSYoungGen      total 50688K, used 6199K [0x00000000eab00000, 0x00000000ee600000, 0x0000000100000000)
  eden space 44032K, 0% used [0x00000000eab00000,0x00000000eab00000,0x00000000ed600000)
  from space 6656K, 93% used [0x00000000ed600000,0x00000000edc0dcf0,0x00000000edc80000)
  to   space 6656K, 0% used [0x00000000edf80000,0x00000000edf80000,0x00000000ee600000)
 ParOldGen       total 129024K, used 101752K [0x00000000c0000000, 0x00000000c7e00000, 0x00000000eab00000)
  object space 129024K, 78% used [0x00000000c0000000,0x00000000c635e2d8,0x00000000c7e00000)
 Metaspace       used 70638K, committed 71936K, reserved 1114112K
  class space    used 7544K, committed 8128K, reserved 1048576K
}
Event: 20.870 GC heap before
{Heap before GC invocations=89 (full 5):
 PSYoungGen      total 50688K, used 50231K [0x00000000eab00000, 0x00000000ee600000, 0x0000000100000000)
  eden space 44032K, 100% used [0x00000000eab00000,0x00000000ed600000,0x00000000ed600000)
  from space 6656K, 93% used [0x00000000ed600000,0x00000000edc0dcf0,0x00000000edc80000)
  to   space 6656K, 0% used [0x00000000edf80000,0x00000000edf80000,0x00000000ee600000)
 ParOldGen       total 129024K, used 101752K [0x00000000c0000000, 0x00000000c7e00000, 0x00000000eab00000)
  object space 129024K, 78% used [0x00000000c0000000,0x00000000c635e2d8,0x00000000c7e00000)
 Metaspace       used 70715K, committed 72000K, reserved 1114112K
  class space    used 7551K, committed 8128K, reserved 1048576K
}
Event: 20.873 GC heap after
{Heap after GC invocations=89 (full 5):
 PSYoungGen      total 52736K, used 6642K [0x00000000eab00000, 0x00000000ee880000, 0x0000000100000000)
  eden space 46080K, 0% used [0x00000000eab00000,0x00000000eab00000,0x00000000ed800000)
  from space 6656K, 99% used [0x00000000edf80000,0x00000000ee5fc938,0x00000000ee600000)
  to   space 7680K, 0% used [0x00000000ed800000,0x00000000ed800000,0x00000000edf80000)
 ParOldGen       total 129024K, used 102512K [0x00000000c0000000, 0x00000000c7e00000, 0x00000000eab00000)
  object space 129024K, 79% used [0x00000000c0000000,0x00000000c641c2d8,0x00000000c7e00000)
 Metaspace       used 70715K, committed 72000K, reserved 1114112K
  class space    used 7551K, committed 8128K, reserved 1048576K
}
Event: 20.899 GC heap before
{Heap before GC invocations=90 (full 5):
 PSYoungGen      total 52736K, used 52722K [0x00000000eab00000, 0x00000000ee880000, 0x0000000100000000)
  eden space 46080K, 100% used [0x00000000eab00000,0x00000000ed800000,0x00000000ed800000)
  from space 6656K, 99% used [0x00000000edf80000,0x00000000ee5fc938,0x00000000ee600000)
  to   space 7680K, 0% used [0x00000000ed800000,0x00000000ed800000,0x00000000edf80000)
 ParOldGen       total 129024K, used 102512K [0x00000000c0000000, 0x00000000c7e00000, 0x00000000eab00000)
  object space 129024K, 79% used [0x00000000c0000000,0x00000000c641c2d8,0x00000000c7e00000)
 Metaspace       used 70778K, committed 72064K, reserved 1114112K
  class space    used 7561K, committed 8128K, reserved 1048576K
}
Event: 20.902 GC heap after
{Heap after GC invocations=90 (full 5):
 PSYoungGen      total 53760K, used 5464K [0x00000000eab00000, 0x00000000ee800000, 0x0000000100000000)
  eden space 46080K, 0% used [0x00000000eab00000,0x00000000eab00000,0x00000000ed800000)
  from space 7680K, 71% used [0x00000000ed800000,0x00000000edd56230,0x00000000edf80000)
  to   space 6656K, 0% used [0x00000000ee180000,0x00000000ee180000,0x00000000ee800000)
 ParOldGen       total 129024K, used 103134K [0x00000000c0000000, 0x00000000c7e00000, 0x00000000eab00000)
  object space 129024K, 79% used [0x00000000c0000000,0x00000000c64b79f8,0x00000000c7e00000)
 Metaspace       used 70778K, committed 72064K, reserved 1114112K
  class space    used 7561K, committed 8128K, reserved 1048576K
}
Event: 20.921 GC heap before
{Heap before GC invocations=91 (full 5):
 PSYoungGen      total 53760K, used 51544K [0x00000000eab00000, 0x00000000ee800000, 0x0000000100000000)
  eden space 46080K, 100% used [0x00000000eab00000,0x00000000ed800000,0x00000000ed800000)
  from space 7680K, 71% used [0x00000000ed800000,0x00000000edd56230,0x00000000edf80000)
  to   space 6656K, 0% used [0x00000000ee180000,0x00000000ee180000,0x00000000ee800000)
 ParOldGen       total 129024K, used 103134K [0x00000000c0000000, 0x00000000c7e00000, 0x00000000eab00000)
  object space 129024K, 79% used [0x00000000c0000000,0x00000000c64b79f8,0x00000000c7e00000)
 Metaspace       used 70835K, committed 72128K, reserved 1114112K
  class space    used 7574K, committed 8128K, reserved 1048576K
}
Event: 20.925 GC heap after
{Heap after GC invocations=91 (full 5):
 PSYoungGen      total 55808K, used 5676K [0x00000000eab00000, 0x00000000ee780000, 0x0000000100000000)
  eden space 49664K, 0% used [0x00000000eab00000,0x00000000eab00000,0x00000000edb80000)
  from space 6144K, 92% used [0x00000000ee180000,0x00000000ee70b3e8,0x00000000ee780000)
  to   space 6144K, 0% used [0x00000000edb80000,0x00000000edb80000,0x00000000ee180000)
 ParOldGen       total 129024K, used 103142K [0x00000000c0000000, 0x00000000c7e00000, 0x00000000eab00000)
  object space 129024K, 79% used [0x00000000c0000000,0x00000000c64b99f8,0x00000000c7e00000)
 Metaspace       used 70835K, committed 72128K, reserved 1114112K
  class space    used 7574K, committed 8128K, reserved 1048576K
}
Event: 20.964 GC heap before
{Heap before GC invocations=92 (full 5):
 PSYoungGen      total 55808K, used 55340K [0x00000000eab00000, 0x00000000ee780000, 0x0000000100000000)
  eden space 49664K, 100% used [0x00000000eab00000,0x00000000edb80000,0x00000000edb80000)
  from space 6144K, 92% used [0x00000000ee180000,0x00000000ee70b3e8,0x00000000ee780000)
  to   space 6144K, 0% used [0x00000000edb80000,0x00000000edb80000,0x00000000ee180000)
 ParOldGen       total 129024K, used 103142K [0x00000000c0000000, 0x00000000c7e00000, 0x00000000eab00000)
  object space 129024K, 79% used [0x00000000c0000000,0x00000000c64b99f8,0x00000000c7e00000)
 Metaspace       used 70865K, committed 72128K, reserved 1114112K
  class space    used 7578K, committed 8128K, reserved 1048576K
}
Event: 20.967 GC heap after
{Heap after GC invocations=92 (full 5):
 PSYoungGen      total 55808K, used 5981K [0x00000000eab00000, 0x00000000eeb00000, 0x0000000100000000)
  eden space 49664K, 0% used [0x00000000eab00000,0x00000000eab00000,0x00000000edb80000)
  from space 6144K, 97% used [0x00000000edb80000,0x00000000ee157420,0x00000000ee180000)
  to   space 6144K, 0% used [0x00000000ee500000,0x00000000ee500000,0x00000000eeb00000)
 ParOldGen       total 129024K, used 103440K [0x00000000c0000000, 0x00000000c7e00000, 0x00000000eab00000)
  object space 129024K, 80% used [0x00000000c0000000,0x00000000c6504288,0x00000000c7e00000)
 Metaspace       used 70865K, committed 72128K, reserved 1114112K
  class space    used 7578K, committed 8128K, reserved 1048576K
}
Event: 21.017 GC heap before
{Heap before GC invocations=93 (full 5):
 PSYoungGen      total 55808K, used 55645K [0x00000000eab00000, 0x00000000eeb00000, 0x0000000100000000)
  eden space 49664K, 100% used [0x00000000eab00000,0x00000000edb80000,0x00000000edb80000)
  from space 6144K, 97% used [0x00000000edb80000,0x00000000ee157420,0x00000000ee180000)
  to   space 6144K, 0% used [0x00000000ee500000,0x00000000ee500000,0x00000000eeb00000)
 ParOldGen       total 129024K, used 103440K [0x00000000c0000000, 0x00000000c7e00000, 0x00000000eab00000)
  object space 129024K, 80% used [0x00000000c0000000,0x00000000c6504288,0x00000000c7e00000)
 Metaspace       used 70953K, committed 72192K, reserved 1114112K
  class space    used 7591K, committed 8128K, reserved 1048576K
}
Event: 21.022 GC heap after
{Heap after GC invocations=93 (full 5):
 PSYoungGen      total 59392K, used 5891K [0x00000000eab00000, 0x00000000eeb00000, 0x0000000100000000)
  eden space 53248K, 0% used [0x00000000eab00000,0x00000000eab00000,0x00000000edf00000)
  from space 6144K, 95% used [0x00000000ee500000,0x00000000eeac0c90,0x00000000eeb00000)
  to   space 6144K, 0% used [0x00000000edf00000,0x00000000edf00000,0x00000000ee500000)
 ParOldGen       total 129024K, used 103728K [0x00000000c0000000, 0x00000000c7e00000, 0x00000000eab00000)
  object space 129024K, 80% used [0x00000000c0000000,0x00000000c654c3e0,0x00000000c7e00000)
 Metaspace       used 70953K, committed 72192K, reserved 1114112K
  class space    used 7591K, committed 8128K, reserved 1048576K
}
Event: 21.062 GC heap before
{Heap before GC invocations=94 (full 5):
 PSYoungGen      total 59392K, used 59139K [0x00000000eab00000, 0x00000000eeb00000, 0x0000000100000000)
  eden space 53248K, 100% used [0x00000000eab00000,0x00000000edf00000,0x00000000edf00000)
  from space 6144K, 95% used [0x00000000ee500000,0x00000000eeac0c90,0x00000000eeb00000)
  to   space 6144K, 0% used [0x00000000edf00000,0x00000000edf00000,0x00000000ee500000)
 ParOldGen       total 129024K, used 103728K [0x00000000c0000000, 0x00000000c7e00000, 0x00000000eab00000)
  object space 129024K, 80% used [0x00000000c0000000,0x00000000c654c3e0,0x00000000c7e00000)
 Metaspace       used 70994K, committed 72256K, reserved 1114112K
  class space    used 7591K, committed 8128K, reserved 1048576K
}
Event: 21.066 GC heap after
{Heap after GC invocations=94 (full 5):
 PSYoungGen      total 59392K, used 5639K [0x00000000eab00000, 0x00000000eee80000, 0x0000000100000000)
  eden space 53248K, 0% used [0x00000000eab00000,0x00000000eab00000,0x00000000edf00000)
  from space 6144K, 91% used [0x00000000edf00000,0x00000000ee481ef8,0x00000000ee500000)
  to   space 6144K, 0% used [0x00000000ee880000,0x00000000ee880000,0x00000000eee80000)
 ParOldGen       total 129024K, used 104348K [0x00000000c0000000, 0x00000000c7e00000, 0x00000000eab00000)
  object space 129024K, 80% used [0x00000000c0000000,0x00000000c65e7360,0x00000000c7e00000)
 Metaspace       used 70994K, committed 72256K, reserved 1114112K
  class space    used 7591K, committed 8128K, reserved 1048576K
}
Event: 21.096 GC heap before
{Heap before GC invocations=95 (full 5):
 PSYoungGen      total 59392K, used 58887K [0x00000000eab00000, 0x00000000eee80000, 0x0000000100000000)
  eden space 53248K, 100% used [0x00000000eab00000,0x00000000edf00000,0x00000000edf00000)
  from space 6144K, 91% used [0x00000000edf00000,0x00000000ee481ef8,0x00000000ee500000)
  to   space 6144K, 0% used [0x00000000ee880000,0x00000000ee880000,0x00000000eee80000)
 ParOldGen       total 129024K, used 104348K [0x00000000c0000000, 0x00000000c7e00000, 0x00000000eab00000)
  object space 129024K, 80% used [0x00000000c0000000,0x00000000c65e7360,0x00000000c7e00000)
 Metaspace       used 71027K, committed 72256K, reserved 1114112K
  class space    used 7595K, committed 8128K, reserved 1048576K
}
Event: 21.100 GC heap after
{Heap after GC invocations=95 (full 5):
 PSYoungGen      total 62464K, used 5506K [0x00000000eab00000, 0x00000000eee00000, 0x0000000100000000)
  eden space 56832K, 0% used [0x00000000eab00000,0x00000000eab00000,0x00000000ee280000)
  from space 5632K, 97% used [0x00000000ee880000,0x00000000eede0a38,0x00000000eee00000)
  to   space 5632K, 0% used [0x00000000ee300000,0x00000000ee300000,0x00000000ee880000)
 ParOldGen       total 129024K, used 104667K [0x00000000c0000000, 0x00000000c7e00000, 0x00000000eab00000)
  object space 129024K, 81% used [0x00000000c0000000,0x00000000c6636d50,0x00000000c7e00000)
 Metaspace       used 71027K, committed 72256K, reserved 1114112K
  class space    used 7595K, committed 8128K, reserved 1048576K
}
Event: 21.132 GC heap before
{Heap before GC invocations=96 (full 5):
 PSYoungGen      total 62464K, used 62338K [0x00000000eab00000, 0x00000000eee00000, 0x0000000100000000)
  eden space 56832K, 100% used [0x00000000eab00000,0x00000000ee280000,0x00000000ee280000)
  from space 5632K, 97% used [0x00000000ee880000,0x00000000eede0a38,0x00000000eee00000)
  to   space 5632K, 0% used [0x00000000ee300000,0x00000000ee300000,0x00000000ee880000)
 ParOldGen       total 129024K, used 104667K [0x00000000c0000000, 0x00000000c7e00000, 0x00000000eab00000)
  object space 129024K, 81% used [0x00000000c0000000,0x00000000c6636d50,0x00000000c7e00000)
 Metaspace       used 71053K, committed 72320K, reserved 1114112K
  class space    used 7595K, committed 8128K, reserved 1048576K
}

